<?xml version="1.0" encoding="UTF-8"?>
<ORDERS05>
  <IDOC BEGIN="DOC1000">
    <E1EDK01>
      <ACTION>0</ACTION>
      <CURRENCY>USD</CURRENCY>
    </E1EDK01>
    <E1EDK14>
      <QUALF>012</QUALF>
      <ORGID>OR</ORGID>
    </E1EDK14>
    <E1EDK14>
      <QUALF>019</QUALF>
      <ORGID>B2B</ORGID>
    </E1EDK14>
    <E1EDKA1>
      <PARVW>AG</PARVW>
      <PARTN>MAGA1</PARTN>
      <LIFNR>Vendor number at customer location</LIFNR>
    </E1EDKA1>
    <E1EDKA1>
      <PARVW>WE</PARVW>
      <PARTN>M1</PARTN>
      <LIFNR>Vendor number at customer location</LIFNR>
      <NAME1>MAGA Manufacturing</NAME1>
    </E1EDKA1>
    <E1EDK02>
      <QUALF>001</QUALF>
      <BELNR>PO-4001</BELNR>
      <DATUM>20250401</DATUM>
    </E1EDK02>
    <E1EDP01>
      <POSEX>1</POSEX>
      <MENGE>1000</MENGE>
      <MENEE>KG</MENEE>
    </E1EDP01>
    <E1EDP02>
      <QUALF>001</QUALF>
      <BELNR>PO-4001</BELNR>
      <ZEILE>1</ZEILE>
      <DATUM>20250401</DATUM>
    </E1EDP02>
    <E1EDP03>
      <IDDAT>002</IDDAT>
      <DATUM>20250401</DATUM>
    </E1EDP03>
    <E1EDPA1>
      <PARVW>EN</PARVW>
      <PARTN>MAGA1</PARTN>
    </E1EDPA1>
    <E1EDP19>
      <QUALF>001</QUALF>
      <IDTNR>MAGA-001</IDTNR>
    </E1EDP19>
  </IDOC>
  <IDOC BEGIN="DOC1001">
    <E1EDK01>
      <ACTION>0</ACTION>
      <CURRENCY>USD</CURRENCY>
    </E1EDK01>
    <E1EDK14>
      <QUALF>012</QUALF>
      <ORGID>OR</ORGID>
    </E1EDK14>
    <E1EDK14>
      <QUALF>019</QUALF>
      <ORGID>B2B</ORGID>
    </E1EDK14>
    <E1EDKA1>
      <PARVW>AG</PARVW>
      <PARTN>MAGA2</PARTN>
      <LIFNR>Vendor number at customer location</LIFNR>
    </E1EDKA1>
    <E1EDKA1>
      <PARVW>WE</PARVW>
      <PARTN>M3</PARTN>
      <LIFNR>Vendor number at customer location</LIFNR>
      <NAME1>Doge Enterprises</NAME1>
    </E1EDKA1>
    <E1EDK02>
      <QUALF>001</QUALF>
      <BELNR>PO-4002</BELNR>
      <DATUM>20250405</DATUM>
    </E1EDK02>
    <E1EDP01>
      <POSEX>1</POSEX>
      <MENGE>5000</MENGE>
      <MENEE>KG</MENEE>
    </E1EDP01>
    <E1EDP02>
      <QUALF>001</QUALF>
      <BELNR>PO-4002</BELNR>
      <ZEILE>1</ZEILE>
      <DATUM>20250405</DATUM>
    </E1EDP02>
    <E1EDP03>
      <IDDAT>002</IDDAT>
      <DATUM>20250405</DATUM>
    </E1EDP03>
    <E1EDPA1>
      <PARVW>EN</PARVW>
      <PARTN>MAGA2</PARTN>
    </E1EDPA1>
    <E1EDP19>
      <QUALF>001</QUALF>
      <IDTNR>DOGE-GEAR</IDTNR>
    </E1EDP19>
  </IDOC>
</ORDERS05>
